#ifndef __LIB_POLICY_H_
#define __LIB_POLICY_H_
#include <linux/icmp.h>
#include "drop.h"
#include "dbg.h"
#include "eps.h"
#include "maps.h"
#ifdef SOCKMAP

static __always_inline int policy_sk_egress (__u32 identity, __u32 ip, __u16 dport) {
    void *map = lookup_ip4_endpoint_policy_map (ip);
    int dir = CT_EGRESS;
    __u8 proto = IPPROTO_TCP;
    struct policy_entry *policy;
    struct policy_key key = {
        .sec_label = identity,
        .dport = dport,
        .protocol = proto,
        .egress = !dir,
        .pad = 0,
    };
    if (!map)
        return CTX_ACT_OK;
    policy = map_lookup_elem (map, &key);
    if (likely (policy)) {
        __sync_fetch_and_add (& policy -> packets, 1);
        if (unlikely (policy->deny))
            return DROP_POLICY_DENY;
        return policy->proxy_port;
    }
    key.sec_label = 0;
    policy = map_lookup_elem (map, &key);
    if (likely (policy)) {
        __sync_fetch_and_add (& policy -> packets, 1);
        if (unlikely (policy->deny))
            return DROP_POLICY_DENY;
        return policy->proxy_port;
    }
    key.sec_label = identity;
    key.dport = 0;
    key.protocol = 0;
    policy = map_lookup_elem (map, &key);
    if (likely (policy)) {
        __sync_fetch_and_add (& policy -> packets, 1);
        if (unlikely (policy->deny))
            return DROP_POLICY_DENY;
        return CTX_ACT_OK;
    }
    key.sec_label = 0;
    policy = map_lookup_elem (map, &key);
    if (likely (policy)) {
        __sync_fetch_and_add (& policy -> packets, 1);
        if (unlikely (policy->deny))
            return DROP_POLICY_DENY;
        return CTX_ACT_OK;
    }
    return DROP_POLICY;
}
#else

static __always_inline void account (struct __ctx_buff *ctx, struct policy_entry *policy) {
    __sync_fetch_and_add (& policy -> packets, 1);
    __sync_fetch_and_add (& policy -> bytes, ctx_full_len (ctx));
}

static __always_inline int __policy_can_access (const void *map, struct __ctx_buff *ctx, __u32 local_id, __u32 remote_id, __u16 dport, __u8 proto, int dir, bool is_untracked_fragment, __u8 *match_type) {
    struct policy_entry *policy;
    struct policy_key key = {
        .sec_label = remote_id,
        .dport = dport,
        .protocol = proto,
        .egress = !dir,
        .pad = 0,
    };
#ifdef ALLOW_ICMP_FRAG_NEEDED
    if (proto == IPPROTO_ICMP) {
        void *data, *data_end;
        struct icmphdr icmphdr __align_stack_8;
        struct iphdr *ip4;
        __u32 off;
        if (!revalidate_data (ctx, &data, &data_end, &ip4))
            return DROP_INVALID;
        off = ((void *) ip4 - data) + ipv4_hdrlen (ip4);
        if (ctx_load_bytes (ctx, off, &icmphdr, sizeof (icmphdr)) < 0)
            return DROP_INVALID;
        if (icmphdr.type == ICMP_DEST_UNREACH && icmphdr.code == ICMP_FRAG_NEEDED)
            return CTX_ACT_OK;
    }
#endif /* ALLOW_ICMP_FRAG_NEEDED */
#ifdef ENABLE_ICMP_RULE
    if (proto == IPPROTO_ICMP) {
        void *data, *data_end;
        struct iphdr *ip4;
        struct icmphdr icmphdr __align_stack_8;
        __u32 off;
        if (!revalidate_data (ctx, &data, &data_end, &ip4))
            return DROP_INVALID;
        off = ((void *) ip4 - data) + ipv4_hdrlen (ip4);
        if (ctx_load_bytes (ctx, off, &icmphdr, sizeof (icmphdr)) < 0)
            return DROP_INVALID;
        key.dport = (__u16) (icmphdr.type << 8);
    }
    else if (proto == IPPROTO_ICMPV6) {
        void *data, *data_end;
        struct ipv6hdr *ip6;
        __u32 off;
        __u8 icmp_type;
        if (!revalidate_data (ctx, &data, &data_end, &ip6))
            return DROP_INVALID;
        off = ((void *) ip6 - data) + ipv6_hdrlen (ctx, &ip6->nexthdr);
        if (ctx_load_bytes (ctx, off, &icmp_type, sizeof (icmp_type)) < 0)
            return DROP_INVALID;
        key.dport = (__u16) (icmp_type << 8);
    }
#endif /* ENABLE_ICMP_RULE */
    if (!is_untracked_fragment) {
        policy = map_lookup_elem (map, &key);
        if (likely (policy)) {
            cilium_dbg3 (ctx, DBG_L4_CREATE, remote_id, local_id, dport << 16 | proto);
            account (ctx, policy);
            *match_type = POLICY_MATCH_L3_L4;
            if (unlikely (policy->deny))
                return DROP_POLICY_DENY;
            return policy->proxy_port;
        }
        key.sec_label = 0;
        policy = map_lookup_elem (map, &key);
        if (likely (policy)) {
            account (ctx, policy);
            *match_type = POLICY_MATCH_L4_ONLY;
            if (unlikely (policy->deny))
                return DROP_POLICY_DENY;
            return policy->proxy_port;
        }
        key.sec_label = remote_id;
    }
    key.dport = 0;
    key.protocol = 0;
    policy = map_lookup_elem (map, &key);
    if (likely (policy)) {
        account (ctx, policy);
        *match_type = POLICY_MATCH_L3_ONLY;
        if (unlikely (policy->deny))
            return DROP_POLICY_DENY;
        return CTX_ACT_OK;
    }
    key.sec_label = 0;
    policy = map_lookup_elem (map, &key);
    if (policy) {
        account (ctx, policy);
        *match_type = POLICY_MATCH_ALL;
        if (unlikely (policy->deny))
            return DROP_POLICY_DENY;
        return CTX_ACT_OK;
    }
    if (ctx_load_meta (ctx, CB_POLICY))
        return CTX_ACT_OK;
    if (is_untracked_fragment)
        return DROP_FRAG_NOSUPPORT;
    return DROP_POLICY;
}

static __always_inline int policy_can_access_ingress (struct __ctx_buff *ctx, __u32 src_id, __u32 dst_id, __u16 dport, __u8 proto, bool is_untracked_fragment, __u8 *match_type, __u8 *audited) {
    int ret;
    ret = __policy_can_access (&POLICY_MAP, ctx, dst_id, src_id, dport, proto, CT_INGRESS, is_untracked_fragment, match_type);
    if (ret >= CTX_ACT_OK)
        return ret;
    cilium_dbg (ctx, DBG_POLICY_DENIED, src_id, dst_id);
    *audited = 0;
#ifdef POLICY_AUDIT_MODE
    if (IS_ERR (ret)) {
        ret = CTX_ACT_OK;
        *audited = 1;
    }
#endif
    return ret;
}
#ifdef ENCAP_IFINDEX

static __always_inline bool is_encap (__u16 dport, __u8 proto) {
    return proto == IPPROTO_UDP && dport == bpf_htons (TUNNEL_PORT);
}
#endif

static __always_inline int policy_can_egress (struct __ctx_buff *ctx, __u32 src_id, __u32 dst_id, __u16 dport, __u8 proto, __u8 *match_type, __u8 *audited) {
    int ret;
#ifdef ENCAP_IFINDEX
    if (src_id != HOST_ID && is_encap (dport, proto))
        return DROP_ENCAP_PROHIBITED;
#endif
    ret = __policy_can_access (&POLICY_MAP, ctx, src_id, dst_id, dport, proto, CT_EGRESS, false, match_type);
    if (ret >= 0)
        return ret;
    cilium_dbg (ctx, DBG_POLICY_DENIED, src_id, dst_id);
    *audited = 0;
#ifdef POLICY_AUDIT_MODE
    if (IS_ERR (ret)) {
        ret = CTX_ACT_OK;
        *audited = 1;
    }
#endif
    return ret;
}

static __always_inline int policy_can_egress6 (struct __ctx_buff *ctx, const struct ipv6_ct_tuple *tuple, __u32 src_id, __u32 dst_id, __u8 *match_type, __u8 *audited) {
    return policy_can_egress (ctx, src_id, dst_id, tuple->dport, tuple->nexthdr, match_type, audited);
}

static __always_inline int policy_can_egress4 (struct __ctx_buff *ctx, const struct ipv4_ct_tuple *tuple, __u32 src_id, __u32 dst_id, __u8 *match_type, __u8 *audited) {
    return policy_can_egress (ctx, src_id, dst_id, tuple->dport, tuple->nexthdr, match_type, audited);
}

static __always_inline void policy_mark_skip (struct __ctx_buff *ctx) {
    ctx_store_meta (ctx, CB_POLICY, 1);
}

static __always_inline void policy_clear_mark (struct __ctx_buff *ctx) {
    ctx_store_meta (ctx, CB_POLICY, 0);
}
#endif /* SOCKMAP */
#endif

