Adding Header Dep: From /usr/include/linux/swab.h  to:  <linux/types.h>
Adding Header Dep: From /usr/include/linux/swab.h  to:  <asm/bitsperlong.h>
Adding Header Dep: From /usr/include/linux/swab.h  to:  <asm/swab.h>
Adding Header Dep: From /home/sayandes/codequery/test/bpf_endian.h  to:  <linux/swab.h>
Adding Header Dep: From /usr/include/sys/cdefs.h  to:  <bits/wordsize.h>
Adding Header Dep: From /usr/include/sys/cdefs.h  to:  <bits/long-double.h>
Adding Header Dep: From /usr/include/string.h  to:  <bits/libc-header-start.h>
Adding Header Dep: From /usr/include/string.h  to:  <stddef.h>
Adding Header Dep: From /home/sayandes/codequery/test/handle_icmp.h  to:  <linux/icmp.h>
Adding Header Dep: From /home/sayandes/codequery/test/handle_icmp.h  to:  <linux/icmpv6.h>
Adding Header Dep: From /home/sayandes/codequery/test/handle_icmp.h  to:  <linux/if_ether.h>
Adding Header Dep: From /home/sayandes/codequery/test/handle_icmp.h  to:  <linux/ip.h>
Adding Header Dep: From /home/sayandes/codequery/test/handle_icmp.h  to:  <linux/ipv6.h>
Adding Header Dep: From /home/sayandes/codequery/test/handle_icmp.h  to:  <stddef.h>
Adding Header Dep: From /home/sayandes/codequery/test/handle_icmp.h  to:  balancer_consts.h
Adding Header Dep: From /home/sayandes/codequery/test/handle_icmp.h  to:  balancer_helpers.h
Adding Header Dep: From /home/sayandes/codequery/test/handle_icmp.h  to:  balancer_structs.h
Adding Header Dep: From /home/sayandes/codequery/test/handle_icmp.h  to:  bpf.h
Adding Header Dep: From /home/sayandes/codequery/test/handle_icmp.h  to:  bpf_endian.h
Adding Header Dep: From /home/sayandes/codequery/test/handle_icmp.h  to:  <linux/icmp.h>
Adding Header Dep: From /home/sayandes/codequery/test/handle_icmp.h  to:  <linux/icmpv6.h>
Adding Header Dep: From /home/sayandes/codequery/test/handle_icmp.h  to:  <linux/if_ether.h>
Adding Header Dep: From /home/sayandes/codequery/test/handle_icmp.h  to:  <linux/ip.h>
Adding Header Dep: From /home/sayandes/codequery/test/handle_icmp.h  to:  <linux/ipv6.h>
Adding Header Dep: From /home/sayandes/codequery/test/handle_icmp.h  to:  <stddef.h>
Adding Header Dep: From /home/sayandes/codequery/test/handle_icmp.h  to:  balancer_consts.h
Adding Header Dep: From /home/sayandes/codequery/test/handle_icmp.h  to:  balancer_helpers.h
Adding Header Dep: From /home/sayandes/codequery/test/handle_icmp.h  to:  balancer_structs.h
Adding Header Dep: From /home/sayandes/codequery/test/handle_icmp.h  to:  bpf.h
Adding Header Dep: From /home/sayandes/codequery/test/handle_icmp.h  to:  bpf_endian.h
Adding Header Dep: From /home/sayandes/codequery/test/handle_icmp.h  to:  <linux/icmp.h>
Adding Header Dep: From /home/sayandes/codequery/test/handle_icmp.h  to:  <linux/icmpv6.h>
Adding Header Dep: From /home/sayandes/codequery/test/handle_icmp.h  to:  <linux/if_ether.h>
Adding Header Dep: From /home/sayandes/codequery/test/handle_icmp.h  to:  <linux/ip.h>
Adding Header Dep: From /home/sayandes/codequery/test/handle_icmp.h  to:  <linux/ipv6.h>
Adding Header Dep: From /home/sayandes/codequery/test/handle_icmp.h  to:  <stddef.h>
Adding Header Dep: From /home/sayandes/codequery/test/handle_icmp.h  to:  balancer_consts.h
Adding Header Dep: From /home/sayandes/codequery/test/handle_icmp.h  to:  balancer_helpers.h
Adding Header Dep: From /home/sayandes/codequery/test/handle_icmp.h  to:  balancer_structs.h
Adding Header Dep: From /home/sayandes/codequery/test/handle_icmp.h  to:  bpf.h
Adding Header Dep: From /home/sayandes/codequery/test/handle_icmp.h  to:  bpf_endian.h
Adding Header Dep: From /home/sayandes/codequery/test/csum_helpers.h  to:  <linux/in.h>
Adding Header Dep: From /home/sayandes/codequery/test/csum_helpers.h  to:  <linux/ip.h>
Adding Header Dep: From /home/sayandes/codequery/test/csum_helpers.h  to:  <linux/ipv6.h>
Adding Header Dep: From /home/sayandes/codequery/test/csum_helpers.h  to:  <linux/udp.h>
Adding Header Dep: From /home/sayandes/codequery/test/csum_helpers.h  to:  <stdbool.h>
Adding Header Dep: From /home/sayandes/codequery/test/csum_helpers.h  to:  bpf.h
Adding Header Dep: From /home/sayandes/codequery/test/csum_helpers.h  to:  bpf_endian.h
Adding Header Dep: From /home/sayandes/codequery/test/csum_helpers.h  to:  bpf_helpers.h
Adding Header Dep: From /home/sayandes/codequery/test/csum_helpers.h  to:  <linux/in.h>
Adding Header Dep: From /home/sayandes/codequery/test/csum_helpers.h  to:  <linux/ip.h>
Adding Header Dep: From /home/sayandes/codequery/test/csum_helpers.h  to:  <linux/ipv6.h>
Adding Header Dep: From /home/sayandes/codequery/test/csum_helpers.h  to:  <linux/udp.h>
Adding Header Dep: From /home/sayandes/codequery/test/csum_helpers.h  to:  <stdbool.h>
Adding Header Dep: From /home/sayandes/codequery/test/csum_helpers.h  to:  bpf.h
Adding Header Dep: From /home/sayandes/codequery/test/csum_helpers.h  to:  bpf_endian.h
Adding Header Dep: From /home/sayandes/codequery/test/csum_helpers.h  to:  bpf_helpers.h
Adding Header Dep: From /home/sayandes/codequery/test/handle_icmp.h  to:  <linux/icmp.h>
Adding Header Dep: From /home/sayandes/codequery/test/handle_icmp.h  to:  <linux/icmpv6.h>
Adding Header Dep: From /home/sayandes/codequery/test/handle_icmp.h  to:  <linux/if_ether.h>
Adding Header Dep: From /home/sayandes/codequery/test/handle_icmp.h  to:  <linux/ip.h>
Adding Header Dep: From /home/sayandes/codequery/test/handle_icmp.h  to:  <linux/ipv6.h>
Adding Header Dep: From /home/sayandes/codequery/test/handle_icmp.h  to:  <stddef.h>
Adding Header Dep: From /home/sayandes/codequery/test/handle_icmp.h  to:  balancer_consts.h
Adding Header Dep: From /home/sayandes/codequery/test/handle_icmp.h  to:  balancer_helpers.h
Adding Header Dep: From /home/sayandes/codequery/test/handle_icmp.h  to:  balancer_structs.h
Adding Header Dep: From /home/sayandes/codequery/test/handle_icmp.h  to:  bpf.h
Adding Header Dep: From /home/sayandes/codequery/test/handle_icmp.h  to:  bpf_endian.h
Adding Header Dep: From /home/sayandes/codequery/test/handle_icmp.h  to:  <linux/icmp.h>
Adding Header Dep: From /home/sayandes/codequery/test/handle_icmp.h  to:  <linux/icmpv6.h>
Adding Header Dep: From /home/sayandes/codequery/test/handle_icmp.h  to:  <linux/if_ether.h>
Adding Header Dep: From /home/sayandes/codequery/test/handle_icmp.h  to:  <linux/ip.h>
Adding Header Dep: From /home/sayandes/codequery/test/handle_icmp.h  to:  <linux/ipv6.h>
Adding Header Dep: From /home/sayandes/codequery/test/handle_icmp.h  to:  <stddef.h>
Adding Header Dep: From /home/sayandes/codequery/test/handle_icmp.h  to:  balancer_consts.h
Adding Header Dep: From /home/sayandes/codequery/test/handle_icmp.h  to:  balancer_helpers.h
Adding Header Dep: From /home/sayandes/codequery/test/handle_icmp.h  to:  balancer_structs.h
Adding Header Dep: From /home/sayandes/codequery/test/handle_icmp.h  to:  bpf.h
Adding Header Dep: From /home/sayandes/codequery/test/handle_icmp.h  to:  bpf_endian.h
Adding Header Dep: From /home/sayandes/codequery/test/balancer_helpers.h  to:  <linux/in.h>
Adding Header Dep: From /home/sayandes/codequery/test/balancer_helpers.h  to:  <linux/ip.h>
Adding Header Dep: From /home/sayandes/codequery/test/balancer_helpers.h  to:  <linux/ipv6.h>
Adding Header Dep: From /home/sayandes/codequery/test/balancer_helpers.h  to:  <stdbool.h>
Adding Header Dep: From /home/sayandes/codequery/test/balancer_helpers.h  to:  balancer_consts.h
Adding Header Dep: From /home/sayandes/codequery/test/balancer_helpers.h  to:  balancer_structs.h
Adding Header Dep: From /home/sayandes/codequery/test/balancer_helpers.h  to:  bpf.h
Adding Header Dep: From /home/sayandes/codequery/test/balancer_helpers.h  to:  bpf_helpers.h
Adding Header Dep: From /home/sayandes/codequery/test/balancer_helpers.h  to:  control_data_maps.h
Adding Header Dep: From /home/sayandes/codequery/test/balancer_helpers.h  to:  csum_helpers.h
Adding Header Dep: From /home/sayandes/codequery/test/balancer_helpers.h  to:  introspection.h
Adding Header Dep: From /home/sayandes/codequery/test/pckt_encap.h  to:  <linux/ip.h>
Adding Header Dep: From /home/sayandes/codequery/test/pckt_encap.h  to:  <linux/ipv6.h>
Adding Header Dep: From /home/sayandes/codequery/test/pckt_encap.h  to:  <string.h>
Adding Header Dep: From /home/sayandes/codequery/test/pckt_encap.h  to:  balancer_consts.h
Adding Header Dep: From /home/sayandes/codequery/test/pckt_encap.h  to:  balancer_helpers.h
Adding Header Dep: From /home/sayandes/codequery/test/pckt_encap.h  to:  balancer_structs.h
Adding Header Dep: From /home/sayandes/codequery/test/pckt_encap.h  to:  bpf.h
Adding Header Dep: From /home/sayandes/codequery/test/pckt_encap.h  to:  bpf_endian.h
Adding Header Dep: From /home/sayandes/codequery/test/pckt_encap.h  to:  bpf_helpers.h
Adding Header Dep: From /home/sayandes/codequery/test/pckt_encap.h  to:  control_data_maps.h
Adding Header Dep: From /home/sayandes/codequery/test/pckt_encap.h  to:  encap_helpers.h
Adding Header Dep: From /home/sayandes/codequery/test/pckt_encap.h  to:  flow_debug.h
Adding Header Dep: From /home/sayandes/codequery/test/pckt_encap.h  to:  pckt_parsing.h
Adding Header Dep: From /home/sayandes/codequery/test/pckt_encap.h  to:  <linux/ip.h>
Adding Header Dep: From /home/sayandes/codequery/test/pckt_encap.h  to:  <linux/ipv6.h>
Adding Header Dep: From /home/sayandes/codequery/test/pckt_encap.h  to:  <string.h>
Adding Header Dep: From /home/sayandes/codequery/test/pckt_encap.h  to:  balancer_consts.h
Adding Header Dep: From /home/sayandes/codequery/test/pckt_encap.h  to:  balancer_helpers.h
Adding Header Dep: From /home/sayandes/codequery/test/pckt_encap.h  to:  balancer_structs.h
Adding Header Dep: From /home/sayandes/codequery/test/pckt_encap.h  to:  bpf.h
Adding Header Dep: From /home/sayandes/codequery/test/pckt_encap.h  to:  bpf_endian.h
Adding Header Dep: From /home/sayandes/codequery/test/pckt_encap.h  to:  bpf_helpers.h
Adding Header Dep: From /home/sayandes/codequery/test/pckt_encap.h  to:  control_data_maps.h
Adding Header Dep: From /home/sayandes/codequery/test/pckt_encap.h  to:  encap_helpers.h
Adding Header Dep: From /home/sayandes/codequery/test/pckt_encap.h  to:  flow_debug.h
Adding Header Dep: From /home/sayandes/codequery/test/pckt_encap.h  to:  pckt_parsing.h
Adding Header Dep: From /home/sayandes/codequery/test/balancer_helpers.h  to:  <linux/in.h>
Adding Header Dep: From /home/sayandes/codequery/test/balancer_helpers.h  to:  <linux/ip.h>
Adding Header Dep: From /home/sayandes/codequery/test/balancer_helpers.h  to:  <linux/ipv6.h>
Adding Header Dep: From /home/sayandes/codequery/test/balancer_helpers.h  to:  <stdbool.h>
Adding Header Dep: From /home/sayandes/codequery/test/balancer_helpers.h  to:  balancer_consts.h
Adding Header Dep: From /home/sayandes/codequery/test/balancer_helpers.h  to:  balancer_structs.h
Adding Header Dep: From /home/sayandes/codequery/test/balancer_helpers.h  to:  bpf.h
Adding Header Dep: From /home/sayandes/codequery/test/balancer_helpers.h  to:  bpf_helpers.h
Adding Header Dep: From /home/sayandes/codequery/test/balancer_helpers.h  to:  control_data_maps.h
Adding Header Dep: From /home/sayandes/codequery/test/balancer_helpers.h  to:  csum_helpers.h
Adding Header Dep: From /home/sayandes/codequery/test/balancer_helpers.h  to:  introspection.h
Adding Header Dep: From /home/sayandes/codequery/test/pckt_parsing.h  to:  <linux/icmp.h>
Adding Header Dep: From /home/sayandes/codequery/test/pckt_parsing.h  to:  <linux/icmpv6.h>
Adding Header Dep: From /home/sayandes/codequery/test/pckt_parsing.h  to:  <linux/if_ether.h>
Adding Header Dep: From /home/sayandes/codequery/test/pckt_parsing.h  to:  <linux/ip.h>
Adding Header Dep: From /home/sayandes/codequery/test/pckt_parsing.h  to:  <linux/ipv6.h>
Adding Header Dep: From /home/sayandes/codequery/test/pckt_parsing.h  to:  <linux/ptrace.h>
Adding Header Dep: From /home/sayandes/codequery/test/pckt_parsing.h  to:  <linux/tcp.h>
Adding Header Dep: From /home/sayandes/codequery/test/pckt_parsing.h  to:  <linux/udp.h>
Adding Header Dep: From /home/sayandes/codequery/test/pckt_parsing.h  to:  <linux/version.h>
Adding Header Dep: From /home/sayandes/codequery/test/pckt_parsing.h  to:  <stdbool.h>
Adding Header Dep: From /home/sayandes/codequery/test/pckt_parsing.h  to:  <stddef.h>
Adding Header Dep: From /home/sayandes/codequery/test/pckt_parsing.h  to:  balancer_consts.h
Adding Header Dep: From /home/sayandes/codequery/test/pckt_parsing.h  to:  balancer_helpers.h
Adding Header Dep: From /home/sayandes/codequery/test/pckt_parsing.h  to:  bpf.h
Adding Header Dep: From /home/sayandes/codequery/test/pckt_parsing.h  to:  <linux/icmp.h>
Adding Header Dep: From /home/sayandes/codequery/test/pckt_parsing.h  to:  <linux/icmpv6.h>
Adding Header Dep: From /home/sayandes/codequery/test/pckt_parsing.h  to:  <linux/if_ether.h>
Adding Header Dep: From /home/sayandes/codequery/test/pckt_parsing.h  to:  <linux/ip.h>
Adding Header Dep: From /home/sayandes/codequery/test/pckt_parsing.h  to:  <linux/ipv6.h>
Adding Header Dep: From /home/sayandes/codequery/test/pckt_parsing.h  to:  <linux/ptrace.h>
Adding Header Dep: From /home/sayandes/codequery/test/pckt_parsing.h  to:  <linux/tcp.h>
Adding Header Dep: From /home/sayandes/codequery/test/pckt_parsing.h  to:  <linux/udp.h>
Adding Header Dep: From /home/sayandes/codequery/test/pckt_parsing.h  to:  <linux/version.h>
Adding Header Dep: From /home/sayandes/codequery/test/pckt_parsing.h  to:  <stdbool.h>
Adding Header Dep: From /home/sayandes/codequery/test/pckt_parsing.h  to:  <stddef.h>
Adding Header Dep: From /home/sayandes/codequery/test/pckt_parsing.h  to:  balancer_consts.h
Adding Header Dep: From /home/sayandes/codequery/test/pckt_parsing.h  to:  balancer_helpers.h
Adding Header Dep: From /home/sayandes/codequery/test/pckt_parsing.h  to:  bpf.h
Adding Header Dep: From /home/sayandes/codequery/test/pckt_parsing.h  to:  <linux/icmp.h>
Adding Header Dep: From /home/sayandes/codequery/test/pckt_parsing.h  to:  <linux/icmpv6.h>
Adding Header Dep: From /home/sayandes/codequery/test/pckt_parsing.h  to:  <linux/if_ether.h>
Adding Header Dep: From /home/sayandes/codequery/test/pckt_parsing.h  to:  <linux/ip.h>
Adding Header Dep: From /home/sayandes/codequery/test/pckt_parsing.h  to:  <linux/ipv6.h>
Adding Header Dep: From /home/sayandes/codequery/test/pckt_parsing.h  to:  <linux/ptrace.h>
Adding Header Dep: From /home/sayandes/codequery/test/pckt_parsing.h  to:  <linux/tcp.h>
Adding Header Dep: From /home/sayandes/codequery/test/pckt_parsing.h  to:  <linux/udp.h>
Adding Header Dep: From /home/sayandes/codequery/test/pckt_parsing.h  to:  <linux/version.h>
Adding Header Dep: From /home/sayandes/codequery/test/pckt_parsing.h  to:  <stdbool.h>
Adding Header Dep: From /home/sayandes/codequery/test/pckt_parsing.h  to:  <stddef.h>
Adding Header Dep: From /home/sayandes/codequery/test/pckt_parsing.h  to:  balancer_consts.h
Adding Header Dep: From /home/sayandes/codequery/test/pckt_parsing.h  to:  balancer_helpers.h
Adding Header Dep: From /home/sayandes/codequery/test/pckt_parsing.h  to:  bpf.h
Adding Header Dep: From /home/sayandes/codequery/test/bpf_endian.h  to:  <linux/swab.h>
Adding Header Dep: From /home/sayandes/codequery/test/flow_debug_helpers.h  to:  <linux/if_ether.h>
Adding Header Dep: From /home/sayandes/codequery/test/flow_debug_helpers.h  to:  <linux/in.h>
Adding Header Dep: From /home/sayandes/codequery/test/flow_debug_helpers.h  to:  <linux/ip.h>
Adding Header Dep: From /home/sayandes/codequery/test/flow_debug_helpers.h  to:  <linux/ipv6.h>
Adding Header Dep: From /home/sayandes/codequery/test/flow_debug_helpers.h  to:  <linux/tcp.h>
Adding Header Dep: From /home/sayandes/codequery/test/flow_debug_helpers.h  to:  <linux/udp.h>
Adding Header Dep: From /home/sayandes/codequery/test/flow_debug_helpers.h  to:  flow_debug_maps.h
Adding Header Dep: From /home/sayandes/codequery/test/flow_debug_helpers.h  to:  <linux/if_ether.h>
Adding Header Dep: From /home/sayandes/codequery/test/flow_debug_helpers.h  to:  <linux/in.h>
Adding Header Dep: From /home/sayandes/codequery/test/flow_debug_helpers.h  to:  <linux/ip.h>
Adding Header Dep: From /home/sayandes/codequery/test/flow_debug_helpers.h  to:  <linux/ipv6.h>
Adding Header Dep: From /home/sayandes/codequery/test/flow_debug_helpers.h  to:  <linux/tcp.h>
Adding Header Dep: From /home/sayandes/codequery/test/flow_debug_helpers.h  to:  <linux/udp.h>
Adding Header Dep: From /home/sayandes/codequery/test/flow_debug_helpers.h  to:  flow_debug_maps.h
Adding Header Dep: From /home/sayandes/codequery/test/pckt_encap.h  to:  <linux/ip.h>
Adding Header Dep: From /home/sayandes/codequery/test/pckt_encap.h  to:  <linux/ipv6.h>
Adding Header Dep: From /home/sayandes/codequery/test/pckt_encap.h  to:  <string.h>
Adding Header Dep: From /home/sayandes/codequery/test/pckt_encap.h  to:  balancer_consts.h
Adding Header Dep: From /home/sayandes/codequery/test/pckt_encap.h  to:  balancer_helpers.h
Adding Header Dep: From /home/sayandes/codequery/test/pckt_encap.h  to:  balancer_structs.h
Adding Header Dep: From /home/sayandes/codequery/test/pckt_encap.h  to:  bpf.h
Adding Header Dep: From /home/sayandes/codequery/test/pckt_encap.h  to:  bpf_endian.h
Adding Header Dep: From /home/sayandes/codequery/test/pckt_encap.h  to:  bpf_helpers.h
Adding Header Dep: From /home/sayandes/codequery/test/pckt_encap.h  to:  control_data_maps.h
Adding Header Dep: From /home/sayandes/codequery/test/pckt_encap.h  to:  encap_helpers.h
Adding Header Dep: From /home/sayandes/codequery/test/pckt_encap.h  to:  flow_debug.h
Adding Header Dep: From /home/sayandes/codequery/test/pckt_encap.h  to:  pckt_parsing.h
Adding Header Dep: From /home/sayandes/codequery/test/pckt_encap.h  to:  <linux/ip.h>
Adding Header Dep: From /home/sayandes/codequery/test/pckt_encap.h  to:  <linux/ipv6.h>
Adding Header Dep: From /home/sayandes/codequery/test/pckt_encap.h  to:  <string.h>
Adding Header Dep: From /home/sayandes/codequery/test/pckt_encap.h  to:  balancer_consts.h
Adding Header Dep: From /home/sayandes/codequery/test/pckt_encap.h  to:  balancer_helpers.h
Adding Header Dep: From /home/sayandes/codequery/test/pckt_encap.h  to:  balancer_structs.h
Adding Header Dep: From /home/sayandes/codequery/test/pckt_encap.h  to:  bpf.h
Adding Header Dep: From /home/sayandes/codequery/test/pckt_encap.h  to:  bpf_endian.h
Adding Header Dep: From /home/sayandes/codequery/test/pckt_encap.h  to:  bpf_helpers.h
Adding Header Dep: From /home/sayandes/codequery/test/pckt_encap.h  to:  control_data_maps.h
Adding Header Dep: From /home/sayandes/codequery/test/pckt_encap.h  to:  encap_helpers.h
Adding Header Dep: From /home/sayandes/codequery/test/pckt_encap.h  to:  flow_debug.h
Adding Header Dep: From /home/sayandes/codequery/test/pckt_encap.h  to:  pckt_parsing.h
Adding Header Dep: From /home/sayandes/codequery/test/csum_helpers.h  to:  <linux/in.h>
Adding Header Dep: From /home/sayandes/codequery/test/csum_helpers.h  to:  <linux/ip.h>
Adding Header Dep: From /home/sayandes/codequery/test/csum_helpers.h  to:  <linux/ipv6.h>
Adding Header Dep: From /home/sayandes/codequery/test/csum_helpers.h  to:  <linux/udp.h>
Adding Header Dep: From /home/sayandes/codequery/test/csum_helpers.h  to:  <stdbool.h>
Adding Header Dep: From /home/sayandes/codequery/test/csum_helpers.h  to:  bpf.h
Adding Header Dep: From /home/sayandes/codequery/test/csum_helpers.h  to:  bpf_endian.h
Adding Header Dep: From /home/sayandes/codequery/test/csum_helpers.h  to:  bpf_helpers.h
Adding Header Dep: From /home/sayandes/codequery/test/balancer_helpers.h  to:  <linux/in.h>
Adding Header Dep: From /home/sayandes/codequery/test/balancer_helpers.h  to:  <linux/ip.h>
Adding Header Dep: From /home/sayandes/codequery/test/balancer_helpers.h  to:  <linux/ipv6.h>
Adding Header Dep: From /home/sayandes/codequery/test/balancer_helpers.h  to:  <stdbool.h>
Adding Header Dep: From /home/sayandes/codequery/test/balancer_helpers.h  to:  balancer_consts.h
Adding Header Dep: From /home/sayandes/codequery/test/balancer_helpers.h  to:  balancer_structs.h
Adding Header Dep: From /home/sayandes/codequery/test/balancer_helpers.h  to:  bpf.h
Adding Header Dep: From /home/sayandes/codequery/test/balancer_helpers.h  to:  bpf_helpers.h
Adding Header Dep: From /home/sayandes/codequery/test/balancer_helpers.h  to:  control_data_maps.h
Adding Header Dep: From /home/sayandes/codequery/test/balancer_helpers.h  to:  csum_helpers.h
Adding Header Dep: From /home/sayandes/codequery/test/balancer_helpers.h  to:  introspection.h
Adding Header Dep: From /home/sayandes/codequery/test/handle_icmp.h  to:  <linux/icmp.h>
Adding Header Dep: From /home/sayandes/codequery/test/handle_icmp.h  to:  <linux/icmpv6.h>
Adding Header Dep: From /home/sayandes/codequery/test/handle_icmp.h  to:  <linux/if_ether.h>
Adding Header Dep: From /home/sayandes/codequery/test/handle_icmp.h  to:  <linux/ip.h>
Adding Header Dep: From /home/sayandes/codequery/test/handle_icmp.h  to:  <linux/ipv6.h>
Adding Header Dep: From /home/sayandes/codequery/test/handle_icmp.h  to:  <stddef.h>
Adding Header Dep: From /home/sayandes/codequery/test/handle_icmp.h  to:  balancer_consts.h
Adding Header Dep: From /home/sayandes/codequery/test/handle_icmp.h  to:  balancer_helpers.h
Adding Header Dep: From /home/sayandes/codequery/test/handle_icmp.h  to:  balancer_structs.h
Adding Header Dep: From /home/sayandes/codequery/test/handle_icmp.h  to:  bpf.h
Adding Header Dep: From /home/sayandes/codequery/test/handle_icmp.h  to:  bpf_endian.h
Adding Header Dep: From /usr/include/string.h  to:  <bits/libc-header-start.h>
Adding Header Dep: From /usr/include/string.h  to:  <stddef.h>
Adding Header Dep: From /usr/include/linux/swab.h  to:  <linux/types.h>
Adding Header Dep: From /usr/include/linux/swab.h  to:  <asm/bitsperlong.h>
Adding Header Dep: From /usr/include/linux/swab.h  to:  <asm/swab.h>
Adding Header Dep: From /home/sayandes/codequery/test/bpf_endian.h  to:  <linux/swab.h>
Adding Header Dep: From /home/sayandes/codequery/test/csum_helpers.h  to:  <linux/in.h>
Adding Header Dep: From /home/sayandes/codequery/test/csum_helpers.h  to:  <linux/ip.h>
Adding Header Dep: From /home/sayandes/codequery/test/csum_helpers.h  to:  <linux/ipv6.h>
Adding Header Dep: From /home/sayandes/codequery/test/csum_helpers.h  to:  <linux/udp.h>
Adding Header Dep: From /home/sayandes/codequery/test/csum_helpers.h  to:  <stdbool.h>
Adding Header Dep: From /home/sayandes/codequery/test/csum_helpers.h  to:  bpf.h
Adding Header Dep: From /home/sayandes/codequery/test/csum_helpers.h  to:  bpf_endian.h
Adding Header Dep: From /home/sayandes/codequery/test/csum_helpers.h  to:  bpf_helpers.h
Adding Header Dep: From /home/sayandes/codequery/test/handle_icmp.h  to:  <linux/icmp.h>
Adding Header Dep: From /home/sayandes/codequery/test/handle_icmp.h  to:  <linux/icmpv6.h>
Adding Header Dep: From /home/sayandes/codequery/test/handle_icmp.h  to:  <linux/if_ether.h>
Adding Header Dep: From /home/sayandes/codequery/test/handle_icmp.h  to:  <linux/ip.h>
Adding Header Dep: From /home/sayandes/codequery/test/handle_icmp.h  to:  <linux/ipv6.h>
Adding Header Dep: From /home/sayandes/codequery/test/handle_icmp.h  to:  <stddef.h>
Adding Header Dep: From /home/sayandes/codequery/test/handle_icmp.h  to:  balancer_consts.h
Adding Header Dep: From /home/sayandes/codequery/test/handle_icmp.h  to:  balancer_helpers.h
Adding Header Dep: From /home/sayandes/codequery/test/handle_icmp.h  to:  balancer_structs.h
Adding Header Dep: From /home/sayandes/codequery/test/handle_icmp.h  to:  bpf.h
Adding Header Dep: From /home/sayandes/codequery/test/handle_icmp.h  to:  bpf_endian.h
Adding Header Dep: From /home/sayandes/codequery/test/csum_helpers.h  to:  <linux/in.h>
Adding Header Dep: From /home/sayandes/codequery/test/csum_helpers.h  to:  <linux/ip.h>
Adding Header Dep: From /home/sayandes/codequery/test/csum_helpers.h  to:  <linux/ipv6.h>
Adding Header Dep: From /home/sayandes/codequery/test/csum_helpers.h  to:  <linux/udp.h>
Adding Header Dep: From /home/sayandes/codequery/test/csum_helpers.h  to:  <stdbool.h>
Adding Header Dep: From /home/sayandes/codequery/test/csum_helpers.h  to:  bpf.h
Adding Header Dep: From /home/sayandes/codequery/test/csum_helpers.h  to:  bpf_endian.h
Adding Header Dep: From /home/sayandes/codequery/test/csum_helpers.h  to:  bpf_helpers.h
Adding Header Dep: From /home/sayandes/codequery/test/handle_icmp.h  to:  <linux/icmp.h>
Adding Header Dep: From /home/sayandes/codequery/test/handle_icmp.h  to:  <linux/icmpv6.h>
Adding Header Dep: From /home/sayandes/codequery/test/handle_icmp.h  to:  <linux/if_ether.h>
Adding Header Dep: From /home/sayandes/codequery/test/handle_icmp.h  to:  <linux/ip.h>
Adding Header Dep: From /home/sayandes/codequery/test/handle_icmp.h  to:  <linux/ipv6.h>
Adding Header Dep: From /home/sayandes/codequery/test/handle_icmp.h  to:  <stddef.h>
Adding Header Dep: From /home/sayandes/codequery/test/handle_icmp.h  to:  balancer_consts.h
Adding Header Dep: From /home/sayandes/codequery/test/handle_icmp.h  to:  balancer_helpers.h
Adding Header Dep: From /home/sayandes/codequery/test/handle_icmp.h  to:  balancer_structs.h
Adding Header Dep: From /home/sayandes/codequery/test/handle_icmp.h  to:  bpf.h
Adding Header Dep: From /home/sayandes/codequery/test/handle_icmp.h  to:  bpf_endian.h
Adding Header Dep: From /home/sayandes/codequery/test/handle_icmp.h  to:  <linux/icmp.h>
Adding Header Dep: From /home/sayandes/codequery/test/handle_icmp.h  to:  <linux/icmpv6.h>
Adding Header Dep: From /home/sayandes/codequery/test/handle_icmp.h  to:  <linux/if_ether.h>
Adding Header Dep: From /home/sayandes/codequery/test/handle_icmp.h  to:  <linux/ip.h>
Adding Header Dep: From /home/sayandes/codequery/test/handle_icmp.h  to:  <linux/ipv6.h>
Adding Header Dep: From /home/sayandes/codequery/test/handle_icmp.h  to:  <stddef.h>
Adding Header Dep: From /home/sayandes/codequery/test/handle_icmp.h  to:  balancer_consts.h
Adding Header Dep: From /home/sayandes/codequery/test/handle_icmp.h  to:  balancer_helpers.h
Adding Header Dep: From /home/sayandes/codequery/test/handle_icmp.h  to:  balancer_structs.h
Adding Header Dep: From /home/sayandes/codequery/test/handle_icmp.h  to:  bpf.h
Adding Header Dep: From /home/sayandes/codequery/test/handle_icmp.h  to:  bpf_endian.h
Adding Header Dep: From /home/sayandes/codequery/test/pckt_parsing.h  to:  <linux/icmp.h>
Adding Header Dep: From /home/sayandes/codequery/test/pckt_parsing.h  to:  <linux/icmpv6.h>
Adding Header Dep: From /home/sayandes/codequery/test/pckt_parsing.h  to:  <linux/if_ether.h>
Adding Header Dep: From /home/sayandes/codequery/test/pckt_parsing.h  to:  <linux/ip.h>
Adding Header Dep: From /home/sayandes/codequery/test/pckt_parsing.h  to:  <linux/ipv6.h>
Adding Header Dep: From /home/sayandes/codequery/test/pckt_parsing.h  to:  <linux/ptrace.h>
Adding Header Dep: From /home/sayandes/codequery/test/pckt_parsing.h  to:  <linux/tcp.h>
Adding Header Dep: From /home/sayandes/codequery/test/pckt_parsing.h  to:  <linux/udp.h>
Adding Header Dep: From /home/sayandes/codequery/test/pckt_parsing.h  to:  <linux/version.h>
Adding Header Dep: From /home/sayandes/codequery/test/pckt_parsing.h  to:  <stdbool.h>
Adding Header Dep: From /home/sayandes/codequery/test/pckt_parsing.h  to:  <stddef.h>
Adding Header Dep: From /home/sayandes/codequery/test/pckt_parsing.h  to:  balancer_consts.h
Adding Header Dep: From /home/sayandes/codequery/test/pckt_parsing.h  to:  balancer_helpers.h
Adding Header Dep: From /home/sayandes/codequery/test/pckt_parsing.h  to:  bpf.h
Adding Header Dep: From /home/sayandes/codequery/test/pckt_parsing.h  to:  <linux/icmp.h>
Adding Header Dep: From /home/sayandes/codequery/test/pckt_parsing.h  to:  <linux/icmpv6.h>
Adding Header Dep: From /home/sayandes/codequery/test/pckt_parsing.h  to:  <linux/if_ether.h>
Adding Header Dep: From /home/sayandes/codequery/test/pckt_parsing.h  to:  <linux/ip.h>
Adding Header Dep: From /home/sayandes/codequery/test/pckt_parsing.h  to:  <linux/ipv6.h>
Adding Header Dep: From /home/sayandes/codequery/test/pckt_parsing.h  to:  <linux/ptrace.h>
Adding Header Dep: From /home/sayandes/codequery/test/pckt_parsing.h  to:  <linux/tcp.h>
Adding Header Dep: From /home/sayandes/codequery/test/pckt_parsing.h  to:  <linux/udp.h>
Adding Header Dep: From /home/sayandes/codequery/test/pckt_parsing.h  to:  <linux/version.h>
Adding Header Dep: From /home/sayandes/codequery/test/pckt_parsing.h  to:  <stdbool.h>
Adding Header Dep: From /home/sayandes/codequery/test/pckt_parsing.h  to:  <stddef.h>
Adding Header Dep: From /home/sayandes/codequery/test/pckt_parsing.h  to:  balancer_consts.h
Adding Header Dep: From /home/sayandes/codequery/test/pckt_parsing.h  to:  balancer_helpers.h
Adding Header Dep: From /home/sayandes/codequery/test/pckt_parsing.h  to:  bpf.h
Adding Header Dep: From /home/sayandes/codequery/test/pckt_parsing.h  to:  <linux/icmp.h>
Adding Header Dep: From /home/sayandes/codequery/test/pckt_parsing.h  to:  <linux/icmpv6.h>
Adding Header Dep: From /home/sayandes/codequery/test/pckt_parsing.h  to:  <linux/if_ether.h>
Adding Header Dep: From /home/sayandes/codequery/test/pckt_parsing.h  to:  <linux/ip.h>
Adding Header Dep: From /home/sayandes/codequery/test/pckt_parsing.h  to:  <linux/ipv6.h>
Adding Header Dep: From /home/sayandes/codequery/test/pckt_parsing.h  to:  <linux/ptrace.h>
Adding Header Dep: From /home/sayandes/codequery/test/pckt_parsing.h  to:  <linux/tcp.h>
Adding Header Dep: From /home/sayandes/codequery/test/pckt_parsing.h  to:  <linux/udp.h>
Adding Header Dep: From /home/sayandes/codequery/test/pckt_parsing.h  to:  <linux/version.h>
Adding Header Dep: From /home/sayandes/codequery/test/pckt_parsing.h  to:  <stdbool.h>
Adding Header Dep: From /home/sayandes/codequery/test/pckt_parsing.h  to:  <stddef.h>
Adding Header Dep: From /home/sayandes/codequery/test/pckt_parsing.h  to:  balancer_consts.h
Adding Header Dep: From /home/sayandes/codequery/test/pckt_parsing.h  to:  balancer_helpers.h
Adding Header Dep: From /home/sayandes/codequery/test/pckt_parsing.h  to:  bpf.h
Adding Header Dep: From /home/sayandes/codequery/test/balancer_maps.h  to:  bpf.h
Adding Header Dep: From /home/sayandes/codequery/test/balancer_maps.h  to:  bpf_helpers.h
Adding Header Dep: From /home/sayandes/codequery/test/balancer_maps.h  to:  balancer_consts.h
Adding Header Dep: From /home/sayandes/codequery/test/balancer_maps.h  to:  balancer_structs.h
Adding Header Dep: From /home/sayandes/codequery/test/control_data_maps.h  to:  bpf.h
Adding Header Dep: From /home/sayandes/codequery/test/control_data_maps.h  to:  bpf_helpers.h
Adding Header Dep: From /home/sayandes/codequery/test/control_data_maps.h  to:  balancer_consts.h
Adding Header Dep: From /home/sayandes/codequery/test/control_data_maps.h  to:  balancer_structs.h
Adding Header Dep: From /home/sayandes/codequery/test/decap_maps.h  to:  bpf.h
Adding Header Dep: From /home/sayandes/codequery/test/decap_maps.h  to:  bpf_helpers.h
Adding Header Dep: From /home/sayandes/codequery/test/control_data_maps.h  to:  bpf.h
Adding Header Dep: From /home/sayandes/codequery/test/control_data_maps.h  to:  bpf_helpers.h
Adding Header Dep: From /home/sayandes/codequery/test/control_data_maps.h  to:  balancer_consts.h
Adding Header Dep: From /home/sayandes/codequery/test/control_data_maps.h  to:  balancer_structs.h
Adding Header Dep: From /home/sayandes/codequery/test/flow_debug_helpers.h  to:  <linux/if_ether.h>
Adding Header Dep: From /home/sayandes/codequery/test/flow_debug_helpers.h  to:  <linux/in.h>
Adding Header Dep: From /home/sayandes/codequery/test/flow_debug_helpers.h  to:  <linux/ip.h>
Adding Header Dep: From /home/sayandes/codequery/test/flow_debug_helpers.h  to:  <linux/ipv6.h>
Adding Header Dep: From /home/sayandes/codequery/test/flow_debug_helpers.h  to:  <linux/tcp.h>
Adding Header Dep: From /home/sayandes/codequery/test/flow_debug_helpers.h  to:  <linux/udp.h>
Adding Header Dep: From /home/sayandes/codequery/test/flow_debug_helpers.h  to:  flow_debug_maps.h
Adding Header Dep: From /home/sayandes/codequery/test/flow_debug_maps.h  to:  balancer_structs.h
Adding Header Dep: From /home/sayandes/codequery/test/flow_debug_maps.h  to:  bpf.h
Adding Header Dep: From /home/sayandes/codequery/test/flow_debug_maps.h  to:  bpf_helpers.h
Adding Header Dep: From /home/sayandes/codequery/test/flow_debug_maps.h  to:  flow_debug.h
Adding Header Dep: From /home/sayandes/codequery/test/balancer_maps.h  to:  bpf.h
Adding Header Dep: From /home/sayandes/codequery/test/balancer_maps.h  to:  bpf_helpers.h
Adding Header Dep: From /home/sayandes/codequery/test/balancer_maps.h  to:  balancer_consts.h
Adding Header Dep: From /home/sayandes/codequery/test/balancer_maps.h  to:  balancer_structs.h
Adding Header Dep: From /home/sayandes/codequery/test/balancer_maps.h  to:  bpf.h
Adding Header Dep: From /home/sayandes/codequery/test/balancer_maps.h  to:  bpf_helpers.h
Adding Header Dep: From /home/sayandes/codequery/test/balancer_maps.h  to:  balancer_consts.h
Adding Header Dep: From /home/sayandes/codequery/test/balancer_maps.h  to:  balancer_structs.h
Adding Header Dep: From /home/sayandes/codequery/test/balancer_maps.h  to:  bpf.h
Adding Header Dep: From /home/sayandes/codequery/test/balancer_maps.h  to:  bpf_helpers.h
Adding Header Dep: From /home/sayandes/codequery/test/balancer_maps.h  to:  balancer_consts.h
Adding Header Dep: From /home/sayandes/codequery/test/balancer_maps.h  to:  balancer_structs.h
Adding Header Dep: From /home/sayandes/codequery/test/pckt_parsing.h  to:  <linux/icmp.h>
Adding Header Dep: From /home/sayandes/codequery/test/pckt_parsing.h  to:  <linux/icmpv6.h>
Adding Header Dep: From /home/sayandes/codequery/test/pckt_parsing.h  to:  <linux/if_ether.h>
Adding Header Dep: From /home/sayandes/codequery/test/pckt_parsing.h  to:  <linux/ip.h>
Adding Header Dep: From /home/sayandes/codequery/test/pckt_parsing.h  to:  <linux/ipv6.h>
Adding Header Dep: From /home/sayandes/codequery/test/pckt_parsing.h  to:  <linux/ptrace.h>
Adding Header Dep: From /home/sayandes/codequery/test/pckt_parsing.h  to:  <linux/tcp.h>
Adding Header Dep: From /home/sayandes/codequery/test/pckt_parsing.h  to:  <linux/udp.h>
Adding Header Dep: From /home/sayandes/codequery/test/pckt_parsing.h  to:  <linux/version.h>
Adding Header Dep: From /home/sayandes/codequery/test/pckt_parsing.h  to:  <stdbool.h>
Adding Header Dep: From /home/sayandes/codequery/test/pckt_parsing.h  to:  <stddef.h>
Adding Header Dep: From /home/sayandes/codequery/test/pckt_parsing.h  to:  balancer_consts.h
Adding Header Dep: From /home/sayandes/codequery/test/pckt_parsing.h  to:  balancer_helpers.h
Adding Header Dep: From /home/sayandes/codequery/test/pckt_parsing.h  to:  bpf.h
Adding Header Dep: From /home/sayandes/codequery/test/balancer_maps.h  to:  bpf.h
Adding Header Dep: From /home/sayandes/codequery/test/balancer_maps.h  to:  bpf_helpers.h
Adding Header Dep: From /home/sayandes/codequery/test/balancer_maps.h  to:  balancer_consts.h
Adding Header Dep: From /home/sayandes/codequery/test/balancer_maps.h  to:  balancer_structs.h
Adding Header Dep: From /home/sayandes/codequery/test/balancer_maps.h  to:  bpf.h
Adding Header Dep: From /home/sayandes/codequery/test/balancer_maps.h  to:  bpf_helpers.h
Adding Header Dep: From /home/sayandes/codequery/test/balancer_maps.h  to:  balancer_consts.h
Adding Header Dep: From /home/sayandes/codequery/test/balancer_maps.h  to:  balancer_structs.h
Adding Header Dep: From /home/sayandes/codequery/test/balancer_maps.h  to:  bpf.h
Adding Header Dep: From /home/sayandes/codequery/test/balancer_maps.h  to:  bpf_helpers.h
Adding Header Dep: From /home/sayandes/codequery/test/balancer_maps.h  to:  balancer_consts.h
Adding Header Dep: From /home/sayandes/codequery/test/balancer_maps.h  to:  balancer_structs.h
Adding Header Dep: From /home/sayandes/codequery/test/balancer_maps.h  to:  bpf.h
Adding Header Dep: From /home/sayandes/codequery/test/balancer_maps.h  to:  bpf_helpers.h
Adding Header Dep: From /home/sayandes/codequery/test/balancer_maps.h  to:  balancer_consts.h
Adding Header Dep: From /home/sayandes/codequery/test/balancer_maps.h  to:  balancer_structs.h
Adding Header Dep: From /home/sayandes/codequery/test/balancer_maps.h  to:  bpf.h
Adding Header Dep: From /home/sayandes/codequery/test/balancer_maps.h  to:  bpf_helpers.h
Adding Header Dep: From /home/sayandes/codequery/test/balancer_maps.h  to:  balancer_consts.h
Adding Header Dep: From /home/sayandes/codequery/test/balancer_maps.h  to:  balancer_structs.h
Adding Header Dep: From /home/sayandes/codequery/test/balancer_maps.h  to:  bpf.h
Adding Header Dep: From /home/sayandes/codequery/test/balancer_maps.h  to:  bpf_helpers.h
Adding Header Dep: From /home/sayandes/codequery/test/balancer_maps.h  to:  balancer_consts.h
Adding Header Dep: From /home/sayandes/codequery/test/balancer_maps.h  to:  balancer_structs.h
