{#funcName,count,[FileName,linenumber]
__bpf_constant_ntohs,2,[/home/sayandes/codequery/katran/bpf_endian.h,25],[/home/sayandes/codequery/katran/bpf_endian.h,34]
__bpf_constant_ntohs,2,[/home/sayandes/codequery/katran/bpf_endian.h,25],[/home/sayandes/codequery/katran/bpf_endian.h,34]
__bpf_ntohs,2,[/home/sayandes/codequery/katran/bpf_endian.h,23],[/home/sayandes/codequery/katran/bpf_endian.h,32]
__bpf_ntohs,2,[/home/sayandes/codequery/katran/bpf_endian.h,23],[/home/sayandes/codequery/katran/bpf_endian.h,32]
bpf_ntohs,1,[/home/sayandes/codequery/katran/bpf_endian.h,46]
swap_mac_and_send,1,[/home/sayandes/codequery/katran/handle_icmp.h,38]
send_icmp6_reply,1,[/home/sayandes/codequery/katran/handle_icmp.h,92]
parse_icmpv6,1,[/home/sayandes/codequery/katran/handle_icmp.h,223]
csum_fold_helper,1,[/home/sayandes/codequery/katran/csum_helpers.h,30]
ipv4_csum_inline,1,[/home/sayandes/codequery/katran/csum_helpers.h,51]
send_icmp_reply,1,[/home/sayandes/codequery/katran/handle_icmp.h,60]
parse_icmp,1,[/home/sayandes/codequery/katran/handle_icmp.h,255]
process_l3_headers,2,[/home/sayandes/codequery/katran/balancer_kern.c,158],[/home/sayandes/codequery/katran/decap_kern.c,34]
process_l3_headers,2,[/home/sayandes/codequery/katran/balancer_kern.c,158],[/home/sayandes/codequery/katran/decap_kern.c,34]
check_decap_dst,1,[/home/sayandes/codequery/katran/balancer_kern.c,234]
decrement_ttl,1,[/home/sayandes/codequery/katran/balancer_helpers.h,84]
decap_v6,1,[/home/sayandes/codequery/katran/pckt_encap.h,138]
decap_v4,1,[/home/sayandes/codequery/katran/pckt_encap.h,159]
recirculate,1,[/home/sayandes/codequery/katran/balancer_helpers.h,74]
process_encaped_ipip_pckt,2,[/home/sayandes/codequery/katran/balancer_kern.c,340],[/home/sayandes/codequery/katran/decap_kern.c,85]
process_encaped_ipip_pckt,2,[/home/sayandes/codequery/katran/balancer_kern.c,340],[/home/sayandes/codequery/katran/decap_kern.c,85]
calc_offset,1,[/home/sayandes/codequery/katran/pckt_parsing.h,58]
parse_tcp,1,[/home/sayandes/codequery/katran/pckt_parsing.h,102]
parse_udp,1,[/home/sayandes/codequery/katran/pckt_parsing.h,76]
__bpf_constant_htons,2,[/home/sayandes/codequery/katran/bpf_endian.h,26],[/home/sayandes/codequery/katran/bpf_endian.h,35]
__bpf_constant_htons,2,[/home/sayandes/codequery/katran/bpf_endian.h,26],[/home/sayandes/codequery/katran/bpf_endian.h,35]
__bpf_htons,2,[/home/sayandes/codequery/katran/bpf_endian.h,24],[/home/sayandes/codequery/katran/bpf_endian.h,33]
__bpf_htons,2,[/home/sayandes/codequery/katran/bpf_endian.h,24],[/home/sayandes/codequery/katran/bpf_endian.h,33]
bpf_htons,1,[/home/sayandes/codequery/katran/bpf_endian.h,44]
get_next_ports,1,[/home/sayandes/codequery/katran/flow_debug_helpers.h,30]
gue_record_route,1,[/home/sayandes/codequery/katran/flow_debug_helpers.h,55]
RECORD_GUE_ROUTE,2,[/home/sayandes/codequery/katran/flow_debug.h,31],[/home/sayandes/codequery/katran/flow_debug.h,37]
RECORD_GUE_ROUTE,2,[/home/sayandes/codequery/katran/flow_debug.h,31],[/home/sayandes/codequery/katran/flow_debug.h,37]
gue_decap_v6,1,[/home/sayandes/codequery/katran/pckt_encap.h,392]
gue_decap_v4,1,[/home/sayandes/codequery/katran/pckt_encap.h,373]
process_encaped_gue_pckt,2,[/home/sayandes/codequery/katran/balancer_kern.c,392],[/home/sayandes/codequery/katran/decap_kern.c,123]
process_encaped_gue_pckt,2,[/home/sayandes/codequery/katran/balancer_kern.c,392],[/home/sayandes/codequery/katran/decap_kern.c,123]
min_helper,1,[/home/sayandes/codequery/katran/csum_helpers.h,41]
submit_event,1,[/home/sayandes/codequery/katran/balancer_helpers.h,46]
REPORT_EVENT,1,[/home/sayandes/codequery/katran/introspection.h,28]
REPORT_PACKET_TOOBIG,2,[/home/sayandes/codequery/katran/introspection.h,32],[/home/sayandes/codequery/katran/introspection.h,40]
REPORT_PACKET_TOOBIG,2,[/home/sayandes/codequery/katran/introspection.h,32],[/home/sayandes/codequery/katran/introspection.h,40]
swap_mac,1,[/home/sayandes/codequery/katran/handle_icmp.h,50]
__bpf_constant_htonl,2,[/home/sayandes/codequery/katran/bpf_endian.h,30],[/home/sayandes/codequery/katran/bpf_endian.h,39]
__bpf_constant_htonl,2,[/home/sayandes/codequery/katran/bpf_endian.h,30],[/home/sayandes/codequery/katran/bpf_endian.h,39]
__bpf_htonl,2,[/home/sayandes/codequery/katran/bpf_endian.h,28],[/home/sayandes/codequery/katran/bpf_endian.h,37]
__bpf_htonl,2,[/home/sayandes/codequery/katran/bpf_endian.h,28],[/home/sayandes/codequery/katran/bpf_endian.h,37]
bpf_htonl,1,[/home/sayandes/codequery/katran/bpf_endian.h,48]
ipv6_csum,1,[/home/sayandes/codequery/katran/csum_helpers.h,76]
send_icmp6_too_big,1,[/home/sayandes/codequery/katran/handle_icmp.h,164]
ipv4_csum,1,[/home/sayandes/codequery/katran/csum_helpers.h,46]
send_icmp4_too_big,1,[/home/sayandes/codequery/katran/handle_icmp.h,119]
send_icmp_too_big,1,[/home/sayandes/codequery/katran/handle_icmp.h,206]
parse_quic,1,[/home/sayandes/codequery/katran/pckt_parsing.h,276]
increment_quic_cid_version_stats,1,[/home/sayandes/codequery/katran/balancer_kern.c,445]
increment_quic_cid_drop_real_0,1,[/home/sayandes/codequery/katran/balancer_kern.c,470]
increment_quic_cid_drop_no_real,1,[/home/sayandes/codequery/katran/balancer_kern.c,460]
REPORT_QUIC_PACKET_DROP_NO_REAL,2,[/home/sayandes/codequery/katran/introspection.h,34],[/home/sayandes/codequery/katran/introspection.h,42]
REPORT_QUIC_PACKET_DROP_NO_REAL,2,[/home/sayandes/codequery/katran/introspection.h,34],[/home/sayandes/codequery/katran/introspection.h,42]
parse_hdr_opt,1,[/home/sayandes/codequery/katran/pckt_parsing.h,144]
tcp_hdr_opt_lookup,1,[/home/sayandes/codequery/katran/pckt_parsing.h,199]
connection_table_lookup,1,[/home/sayandes/codequery/katran/balancer_kern.c,133]
is_under_flood,1,[/home/sayandes/codequery/katran/balancer_kern.c,25]
rol32,1,[/home/sayandes/codequery/katran/jhash.h,7]
__jhash_final,1,[/home/sayandes/codequery/katran/jhash.h,33]
__jhash_nwords,1,[/home/sayandes/codequery/katran/jhash.h,102]
jhash_2words,1,[/home/sayandes/codequery/katran/jhash.h,110]
__jhash_mix,1,[/home/sayandes/codequery/katran/jhash.h,11]
jhash,1,[/home/sayandes/codequery/katran/jhash.h,55]
get_packet_hash,1,[/home/sayandes/codequery/katran/balancer_kern.c,818]
get_packet_dst,1,[/home/sayandes/codequery/katran/balancer_kern.c,53]
reals_have_same_addr,1,[/home/sayandes/codequery/katran/balancer_kern.c,261]
perform_global_lru_lookup,1,[/home/sayandes/codequery/katran/balancer_kern.c,279]
REPORT_TCP_NONSYN_LRUMISS,2,[/home/sayandes/codequery/katran/introspection.h,30],[/home/sayandes/codequery/katran/introspection.h,38]
REPORT_TCP_NONSYN_LRUMISS,2,[/home/sayandes/codequery/katran/introspection.h,30],[/home/sayandes/codequery/katran/introspection.h,38]
PCKT_ENCAP_V6,2,[/home/sayandes/codequery/katran/balancer_consts.h,340],[/home/sayandes/codequery/katran/balancer_consts.h,344]
PCKT_ENCAP_V6,2,[/home/sayandes/codequery/katran/balancer_consts.h,340],[/home/sayandes/codequery/katran/balancer_consts.h,344]
PCKT_ENCAP_V4,2,[/home/sayandes/codequery/katran/balancer_consts.h,339],[/home/sayandes/codequery/katran/balancer_consts.h,343]
PCKT_ENCAP_V4,2,[/home/sayandes/codequery/katran/balancer_consts.h,339],[/home/sayandes/codequery/katran/balancer_consts.h,343]
process_packet,2,[/home/sayandes/codequery/katran/balancer_kern.c,480],[/home/sayandes/codequery/katran/decap_kern.c,164]
process_packet,2,[/home/sayandes/codequery/katran/balancer_kern.c,480],[/home/sayandes/codequery/katran/decap_kern.c,164]
xdpdecap,1,[/home/sayandes/codequery/katran/decap_kern.c,224]
}
{#map_name,filename,line #, isFound
nch_rings,/home/sayandes/codequery/katran/balancer_maps.h,67,1
ctl_array,/home/sayandes/codequery/katran/control_data_maps.h,41,1
decap_counters,/home/sayandes/codequery/katran/decap_maps.h,44,1
decap_dst,/home/sayandes/codequery/katran/control_data_maps.h,62,1
global_lru_maps,/home/sayandes/codequery/katran/balancer_maps.h,133,1
lpm_src_v4,/home/sayandes/codequery/katran/balancer_maps.h,113,1
lpm_src_v6,/home/sayandes/codequery/katran/balancer_maps.h,121,1
lru_map,/home/sayandes/codequery/katran/pckt_parsing.h,263,0
lru_mapping,/home/sayandes/codequery/katran/balancer_kern.c,672,0
reals,/home/sayandes/codequery/katran/balancer_maps.h,76,1
reals_stats,/home/sayandes/codequery/katran/balancer_maps.h,85,1
server_id_map,/home/sayandes/codequery/katran/balancer_maps.h,104,1
stats,/home/sayandes/codequery/katran/balancer_maps.h,94,1
vip_map,/home/sayandes/codequery/katran/balancer_maps.h,38,1
}
