LOG
annotate_func_cilium_bpf_alignchecker.c.xml
annotate_func_cilium_bpf_features.h.xml
annotate_func_cilium_bpf_lxc.c.xml
annotate_func_cilium_bpf_network.c.xml
annotate_func_cilium_bpf_overlay.c.xml
annotate_func_cilium_cilium-probe-kernel-hz.c.xml
annotate_func_cilium_custom_bpf_custom.c.xml
annotate_func_cilium_custom_bytecount.h.xml
annotate_func_cilium_ep_config.h.xml
annotate_func_cilium_filter_config.h.xml
annotate_func_cilium_include_bpf_access.h.xml
annotate_func_cilium_include_bpf_api.h.xml
annotate_func_cilium_include_bpf_compiler.h.xml
annotate_func_cilium_include_bpf_csum.h.xml
annotate_func_cilium_include_bpf_ctx_common.h.xml
annotate_func_cilium_include_bpf_ctx_ctx.h.xml
annotate_func_cilium_include_bpf_ctx_unspec.h.xml
annotate_func_cilium_include_bpf_errno.h.xml
annotate_func_cilium_include_bpf_features.h.xml
annotate_func_cilium_include_bpf_features_skb.h.xml
annotate_func_cilium_include_bpf_features_xdp.h.xml
annotate_func_cilium_include_bpf_helpers.h.xml
annotate_func_cilium_include_bpf_helpers_skb.h.xml
annotate_func_cilium_include_bpf_helpers_xdp.h.xml
annotate_func_cilium_include_bpf_loader.h.xml
annotate_func_cilium_include_bpf_section.h.xml
annotate_func_cilium_include_bpf_stddef.h.xml
annotate_func_cilium_include_bpf_tailcall.h.xml
annotate_func_cilium_include_bpf_types_mapper.h.xml
annotate_func_cilium_include_bpf_verifier.h.xml
annotate_func_cilium_include_linux_bpf.h.xml
annotate_func_cilium_include_linux_bpf_common.h.xml
annotate_func_cilium_include_linux_byteorder.h.xml
annotate_func_cilium_include_linux_byteorder_big_endian.h.xml
annotate_func_cilium_include_linux_byteorder_little_endian.h.xml
annotate_func_cilium_include_linux_icmp.h.xml
annotate_func_cilium_include_linux_icmpv6.h.xml
annotate_func_cilium_include_linux_if_arp.h.xml
annotate_func_cilium_include_linux_if_ether.h.xml
annotate_func_cilium_include_linux_if_packet.h.xml
annotate_func_cilium_include_linux_in.h.xml
annotate_func_cilium_include_linux_in6.h.xml
annotate_func_cilium_include_linux_ip.h.xml
annotate_func_cilium_include_linux_ipv6.h.xml
annotate_func_cilium_include_linux_socket.h.xml
annotate_func_cilium_include_linux_swab.h.xml
annotate_func_cilium_include_linux_tcp.h.xml
annotate_func_cilium_include_linux_types.h.xml
annotate_func_cilium_include_linux_udp.h.xml
annotate_func_cilium_lib_arp.h.xml
annotate_func_cilium_lib_config.h.xml
annotate_func_cilium_lib_conntrack_map.h.xml
annotate_func_cilium_lib_csum.h.xml
annotate_func_cilium_lib_drop.h.xml
annotate_func_cilium_lib_egress_policies.h.xml
annotate_func_cilium_lib_encrypt.h.xml
annotate_func_cilium_lib_endian.h.xml
annotate_func_cilium_lib_eps.h.xml
annotate_func_cilium_lib_eth.h.xml
annotate_func_cilium_lib_events.h.xml
annotate_func_cilium_lib_ghash.h.xml
annotate_func_cilium_lib_hash.h.xml
annotate_func_cilium_lib_host_firewall.h.xml
annotate_func_cilium_lib_identity.h.xml
annotate_func_cilium_lib_ids.h.xml
annotate_func_cilium_lib_ipv4.h.xml
annotate_func_cilium_lib_ipv6.h.xml
annotate_func_cilium_lib_jhash.h.xml
annotate_func_cilium_lib_l3.h.xml
annotate_func_cilium_lib_l4.h.xml
annotate_func_cilium_lib_metrics.h.xml
annotate_func_cilium_lib_mono.h.xml
annotate_func_cilium_lib_nat_46x64.h.xml
annotate_func_cilium_lib_overloadable.h.xml
annotate_func_cilium_lib_policy.h.xml
annotate_func_cilium_lib_proxy_hairpin.h.xml
annotate_func_cilium_lib_signal.h.xml
annotate_func_cilium_lib_static_data.h.xml
annotate_func_cilium_lib_stubs.h.xml
annotate_func_cilium_lib_tailcall.h.xml
annotate_func_cilium_lib_time.h.xml
annotate_func_cilium_lib_time_cache.h.xml
annotate_func_cilium_lib_utils.h.xml
annotate_func_cilium_netdev_config.h.xml
annotate_func_cilium_node_config.h.xml
annotate_func_cilium_sockops_bpf_redir.c.xml
annotate_func_cilium_sockops_bpf_sockops.c.xml
annotate_func_cilium_sockops_bpf_sockops.h.xml
annotate_func_cilium_sockops_sockops_config.h.xml
annotate_func_cilium_tests_bpf_ct_tests.c.xml
annotate_func_cilium_tests_builtin_memcmp.h.xml
annotate_func_cilium_tests_builtin_memcpy.h.xml
annotate_func_cilium_tests_builtin_memmove.h.xml
annotate_func_cilium_tests_builtin_memzero.h.xml
annotate_func_cilium_tests_builtin_test.h.xml
annotate_func_cilium_tests_common.h.xml
annotate_func_cilium_tests_conntrack_test.c.xml
annotate_func_cilium_tests_drop_notify_test.c.xml
annotate_func_cilium_tests_ipv6_test.c.xml
annotate_func_cilium_tests_jhash_test.c.xml
annotate_func_cilium_tests_nat_test.c.xml
