#ifndef __BALANCER_STRUCTS_H
#define __BALANCER_STRUCTS_H

<struct>
struct flow_key {
    union {
        __be32 src;
        __be32 srcv6 [4];
    };
    union {
        __be32 dst;
        __be32 dstv6 [4];
    };
    union {
        __u32 ports;
        __u16 port16 [2];
    };
    __u8 proto;
};
</struct>

<struct>
struct packet_description {
    struct flow_key flow;
    __u32 real_index;
    __u8 flags;
    __u8 tos;
};
</struct>

<struct>
struct ctl_value {
    union {
        __u64 value;
        __u32 ifindex;
        __u8 mac [6];
    };
};
</struct>

<struct>
struct vip_definition {
    union {
        __be32 vip;
        __be32 vipv6 [4];
    };
    __u16 port;
    __u8 proto;
};
</struct>

<struct>
struct vip_meta {
    __u32 flags;
    __u32 vip_num;
};
</struct>

<struct>
struct real_pos_lru {
    __u32 pos;
    __u64 atime;
};
</struct>

<struct>
struct real_definition {
    union {
        __be32 dst;
        __be32 dstv6 [4];
    };
    __u8 flags;
};
</struct>

<struct>
struct lb_stats {
    __u64 v1;
    __u64 v2;
};
</struct>

<struct>
struct v4_lpm_key {
    __u32 prefixlen;
    __be32 addr;
};
</struct>

<struct>
struct v6_lpm_key {
    __u32 prefixlen;
    __be32 addr [4];
};
</struct>

<struct>
struct address {
    union {
        __be32 addr;
        __be32 addrv6 [4];
    };
};
</struct>
#ifdef KATRAN_INTROSPECTION

<struct>
struct event_metadata {
    __u32 event;
    __u32 pkt_size;
    __u32 data_len;
} __attribute__ ((__packed__));
</struct>
#endif
#ifdef RECORD_FLOW_INFO

<struct>
struct flow_debug_info {
    union {
        __be32 l4_hop;
        __be32 l4_hopv6 [4];
    };
    union {
        __be32 this_hop;
        __be32 this_hopv6 [4];
    };
};
</struct>
#endif // of RECORD_FLOW_INFO
#endif // of _BALANCER_STRUCTS
