#ifndef __HEALTHCHECKING_STRUCTS_H
#define __HEALTHCHECKING_STRUCTS_H

<struct>
struct hc_real_definition {
    union {
        __be32 daddr;
        __be32 v6daddr [4];
    };
    __u8 flags;
};
</struct>

<struct>
struct hc_stats {
    __u64 pckts_processed;
    __u64 pckts_dropped;
    __u64 pckts_skipped;
    __u64 pckts_too_big;
};
</struct>

<struct>
struct hc_key {
    union {
        __be32 addr;
        __be32 addrv6 [4];
    };
    __u16 port;
    __u8 proto;
};
</struct>

<struct>
struct hc_mac {
    __u8 mac [6];
};
</struct>
#endif // of __HEALTHCHECKING_STRUCTS_H
