PCKT_ENCAP_V4,2,/home/sayandes/codequery/test/balancer_consts.h,339,/home/sayandes/codequery/test/balancer_consts.h,343
PCKT_ENCAP_V6,2,/home/sayandes/codequery/test/balancer_consts.h,340,/home/sayandes/codequery/test/balancer_consts.h,344
RECORD_GUE_ROUTE,2,/home/sayandes/codequery/test/flow_debug.h,31,/home/sayandes/codequery/test/flow_debug.h,37
REPORT_PACKET_TOOBIG,2,/home/sayandes/codequery/test/introspection.h,32,/home/sayandes/codequery/test/introspection.h,40
REPORT_QUIC_PACKET_DROP_NO_REAL,2,/home/sayandes/codequery/test/introspection.h,34,/home/sayandes/codequery/test/introspection.h,42
REPORT_TCP_NONSYN_LRUMISS,2,/home/sayandes/codequery/test/introspection.h,30,/home/sayandes/codequery/test/introspection.h,38
__FD_ZERO,2,/usr/include/bits/select.h,33,/usr/include/bits/select.h,48
__GNUC_PREREQ,3,/usr/include/features.h,161,/usr/include/features.h,164,/usr/include/sys/cdefs.h,417
__LDBL_REDIR1,2,/usr/include/sys/cdefs.h,458,/usr/include/sys/cdefs.h,475
__LDBL_REDIR1_NTH,2,/usr/include/sys/cdefs.h,461,/usr/include/sys/cdefs.h,477
__REDIRECT_NTH,2,/usr/include/sys/cdefs.h,176,/usr/include/sys/cdefs.h,181
__bpf_constant_htonl,2,/home/sayandes/codequery/test/bpf_endian.h,30,/home/sayandes/codequery/test/bpf_endian.h,39
__bpf_constant_htons,2,/home/sayandes/codequery/test/bpf_endian.h,26,/home/sayandes/codequery/test/bpf_endian.h,35
__bpf_constant_ntohs,2,/home/sayandes/codequery/test/bpf_endian.h,25,/home/sayandes/codequery/test/bpf_endian.h,34
__bpf_htonl,2,/home/sayandes/codequery/test/bpf_endian.h,28,/home/sayandes/codequery/test/bpf_endian.h,37
__bpf_htons,2,/home/sayandes/codequery/test/bpf_endian.h,24,/home/sayandes/codequery/test/bpf_endian.h,33
__bpf_ntohs,2,/home/sayandes/codequery/test/bpf_endian.h,23,/home/sayandes/codequery/test/bpf_endian.h,32
__glibc_clang_has_extension,3,/usr/include/sys/cdefs.h,260,/usr/include/sys/cdefs.h,92,/usr/include/sys/cdefs.h,94
__glibc_clang_prereq,3,/usr/include/features.h,172,/usr/include/features.h,175,/usr/include/string.h,37
__nonnull,2,/usr/include/sys/cdefs.h,293,/usr/include/sys/cdefs.h,295
memcpy,2,/usr/include/bits/string_fortified.h,31,/usr/include/string.h,43
memset,2,/usr/include/bits/string_fortified.h,59,/usr/include/string.h,61
process_encaped_gue_pckt,2,/home/sayandes/codequery/test/balancer_kern.c,392,/home/sayandes/codequery/test/decap_kern.c,123
process_encaped_ipip_pckt,2,/home/sayandes/codequery/test/balancer_kern.c,340,/home/sayandes/codequery/test/decap_kern.c,85
process_l3_headers,2,/home/sayandes/codequery/test/balancer_kern.c,158,/home/sayandes/codequery/test/decap_kern.c,34
process_packet,2,/home/sayandes/codequery/test/balancer_kern.c,480,/home/sayandes/codequery/test/decap_kern.c,164
